<?xml version="1.0" encoding="utf-8"?><testsuites name="pytest tests"><testsuite name="pytest" errors="0" failures="0" skipped="0" tests="25" time="0.262" timestamp="2026-05-25T17:20:42.037209+00:00" hostname="agent-env-3ab447f0-67c2-4b1f-91d2-5bd173b60c9f"><testcase classname="tests.test_creator_greylist" name="test_decay_zero_hours_returns_input" time="0.000" /><testcase classname="tests.test_creator_greylist" name="test_decay_one_day_drops_about_22_percent" time="0.000" /><testcase classname="tests.test_creator_greylist" name="test_decay_handles_missing_iso" time="0.000" /><testcase classname="tests.test_creator_greylist" name="test_decay_handles_zero_score" time="0.000" /><testcase classname="tests.test_creator_greylist" name="test_recommended_strategy_thresholds" time="0.000" /><testcase classname="tests.test_creator_greylist" name="test_peak_mc_component_high_consistency_high_score" time="0.000" /><testcase classname="tests.test_creator_greylist" name="test_peak_mc_component_inconsistent_lower_score" time="0.000" /><testcase classname="tests.test_creator_greylist" name="test_peak_mc_component_too_few_samples" time="0.000" /><testcase classname="tests.test_creator_greylist" name="test_peak_mc_component_ignores_non_failed_outcomes" time="0.000" /><testcase classname="tests.test_creator_greylist" name="test_predictability_component_tight_rugs_high_score" time="0.000" /><testcase classname="tests.test_creator_greylist" name="test_predictability_component_random_rugs_low_score" time="0.000" /><testcase classname="tests.test_creator_greylist" name="test_compute_score_combines_all_components" time="0.000" /><testcase classname="tests.test_creator_greylist" name="test_compute_score_no_failed_launches_doesnt_crash" time="0.000" /><testcase classname="tests.test_creator_greylist" name="test_strategy_overrides_standard_returns_empty" time="0.000" /><testcase classname="tests.test_creator_greylist" name="test_strategy_overrides_unknown_strategy_returns_empty" time="0.000" /><testcase classname="tests.test_creator_greylist" name="test_strategy_overrides_aggressive_full_shape" time="0.000" /><testcase classname="tests.test_creator_greylist" name="test_strategy_overrides_hybrid_is_between_standard_and_aggressive" time="0.000" /><testcase classname="tests.test_creator_greylist" name="test_strategy_overrides_returns_copy_not_shared_dict" time="0.000" /><testcase classname="tests.test_exit_param" name="test_exit_param_falls_back_to_default_when_no_overrides" time="0.000" /><testcase classname="tests.test_exit_param" name="test_exit_param_falls_back_when_overrides_empty" time="0.000" /><testcase classname="tests.test_exit_param" name="test_exit_param_returns_override_when_present" time="0.000" /><testcase classname="tests.test_exit_param" name="test_exit_param_falls_back_when_key_missing_from_overrides" time="0.000" /><testcase classname="tests.test_exit_param" name="test_exit_param_handles_none_value_in_overrides" time="0.000" /><testcase classname="tests.test_exit_param" name="test_exit_param_handles_malformed_slot" time="0.000" /><testcase classname="tests.test_exit_param" name="test_exit_param_independent_per_slot" time="0.000" /></testsuite></testsuites>