<?xml version="1.0" encoding="utf-8"?><testsuites name="pytest tests"><testsuite name="pytest" errors="0" failures="0" skipped="0" tests="22" time="24.214" timestamp="2026-05-22T21:25:56.834649+00:00" hostname="agent-env-3ab447f0-67c2-4b1f-91d2-5bd173b60c9f"><testcase classname="backend.tests.test_pump_bot_v5.TestConfigExposesNewFields" name="test_entry_filter_fields_present_and_typed" time="0.198" /><testcase classname="backend.tests.test_pump_bot_v5.TestConfigExposesNewFields" name="test_scanner_fields_present_and_typed" time="0.070" /><testcase classname="backend.tests.test_pump_bot_v5.TestEntryFilterClamps" name="test_min_curve_liquidity_sol_clamp_high" time="0.238" /><testcase classname="backend.tests.test_pump_bot_v5.TestEntryFilterClamps" name="test_min_curve_liquidity_sol_clamp_low" time="0.136" /><testcase classname="backend.tests.test_pump_bot_v5.TestEntryFilterClamps" name="test_min_buyers_for_entry_clamp_high" time="0.134" /><testcase classname="backend.tests.test_pump_bot_v5.TestEntryFilterClamps" name="test_min_buyers_for_entry_clamp_low" time="0.160" /><testcase classname="backend.tests.test_pump_bot_v5.TestEntryFilterClamps" name="test_max_concurrent_positions_clamp_high" time="0.151" /><testcase classname="backend.tests.test_pump_bot_v5.TestEntryFilterClamps" name="test_max_concurrent_positions_clamp_low" time="0.147" /><testcase classname="backend.tests.test_pump_bot_v5.TestScannerClamps" name="test_scanner_window_hours_clamp" time="0.218" /><testcase classname="backend.tests.test_pump_bot_v5.TestScannerClamps" name="test_scanner_interval_s_clamp" time="0.223" /><testcase classname="backend.tests.test_pump_bot_v5.TestScannerClamps" name="test_scanner_min_growth_pct_clamp" time="0.260" /><testcase classname="backend.tests.test_pump_bot_v5.TestScannerClamps" name="test_scanner_recent_inflow_window_s_clamp" time="0.222" /><testcase classname="backend.tests.test_pump_bot_v5.TestScannerClamps" name="test_scanner_min_recent_inflow_sol_clamp" time="0.221" /><testcase classname="backend.tests.test_pump_bot_v5.TestScannerClamps" name="test_scanner_holder_velocity_window_s_clamp" time="0.215" /><testcase classname="backend.tests.test_pump_bot_v5.TestScannerClamps" name="test_scanner_min_new_buyers_clamp" time="0.215" /><testcase classname="backend.tests.test_pump_bot_v5.TestScannerEnabledToggle" name="test_toggle_false_then_true" time="0.400" /><testcase classname="backend.tests.test_pump_bot_v5.TestScannerCandidatesEndpoint" name="test_endpoint_returns_list" time="0.076" /><testcase classname="backend.tests.test_pump_bot_v5.TestScannerCandidatesEndpoint" name="test_endpoint_non_blocking_rapid_calls" time="0.400" /><testcase classname="backend.tests.test_pump_bot_v5.TestScannerCandidatesEndpoint" name="test_candidate_shape_when_present" time="0.071" /><testcase classname="backend.tests.test_pump_bot_v5.TestScannerCandidatesEndpoint" name="test_candidates_accumulate_within_60s" time="20.363" /><testcase classname="backend.tests.test_pump_bot_v5.TestModuleConstants" name="test_max_tracked_mints_defined" time="0.000" /><testcase classname="backend.tests.test_pump_bot_v5.TestModuleConstants" name="test_scanner_candidates_snapshot_exists" time="0.001" /></testsuite></testsuites>