<?xml version="1.0" encoding="utf-8"?><testsuites name="pytest tests"><testsuite name="pytest" errors="0" failures="1" skipped="0" tests="28" time="124.036" timestamp="2026-05-22T20:31:01.313263+00:00" hostname="agent-env-3ab447f0-67c2-4b1f-91d2-5bd173b60c9f"><testcase classname="backend.tests.test_pump_bot_api.TestRoot" name="test_root" time="0.194" /><testcase classname="backend.tests.test_pump_bot_api.TestWallet" name="test_wallet_info" time="0.158" /><testcase classname="backend.tests.test_pump_bot_api.TestBotStatus" name="test_status_contract" time="0.057" /><testcase classname="backend.tests.test_pump_bot_api.TestBotStatus" name="test_listener_connected" time="0.051" /><testcase classname="backend.tests.test_pump_bot_api.TestBotConfig" name="test_get_config" time="0.049" /><testcase classname="backend.tests.test_pump_bot_api.TestBotConfig" name="test_update_config_safety_caps" time="0.098" /><testcase classname="backend.tests.test_pump_bot_api.TestBotConfig" name="test_config_persistence" time="0.106" /><testcase classname="backend.tests.test_pump_bot_api.TestBotLifecycle" name="test_start_stop" time="0.265" /><testcase classname="backend.tests.test_pump_bot_api.TestBotLifecycle" name="test_reset_kill_switch" time="0.095" /><testcase classname="backend.tests.test_pump_bot_api.TestClassifierRules" name="test_get_rules" time="0.048" /><testcase classname="backend.tests.test_pump_bot_api.TestClassifierRules" name="test_update_rules_persistence" time="0.097" /><testcase classname="backend.tests.test_pump_bot_api.TestLaunches" name="test_launches_recent_streaming" time="0.072" /><testcase classname="backend.tests.test_pump_bot_api.TestTrades" name="test_active_trades" time="0.052" /><testcase classname="backend.tests.test_pump_bot_api.TestTrades" name="test_trades_history" time="0.051" /><testcase classname="backend.tests.test_pump_bot_api.TestTrades" name="test_manual_exit_unknown_id_404" time="0.050" /><testcase classname="backend.tests.test_pump_bot_api.TestPL" name="test_pl_summary" time="0.049" /><testcase classname="backend.tests.test_pump_bot_enhancements.TestLaunchFieldsContract" name="test_recent_launch_has_new_fields" time="0.152" /><testcase classname="backend.tests.test_pump_bot_enhancements.TestClassifierSocialScoreMinRule" name="test_get_rules_includes_social_score_min" time="0.052" /><testcase classname="backend.tests.test_pump_bot_enhancements.TestClassifierSocialScoreMinRule" name="test_put_rules_persists_social_score_min" time="0.213" /><testcase classname="backend.tests.test_pump_bot_enhancements.TestLiveMetricPopulation" name="test_some_launch_has_nonzero_metrics" time="0.063" /><testcase classname="backend.tests.test_pump_bot_enhancements.TestSocialScoreAvailability" name="test_some_launch_has_nonzero_social_score" time="121.478"><failure message="AssertionError: No launch received any social_score&gt;0 within 120s. Social pipeline may be degraded. total=50 scored&gt;0=0 best=0&#10;assert 0 &gt; 0">backend/tests/test_pump_bot_enhancements.py:154: in test_some_launch_has_nonzero_social_score
    assert best_score &gt; 0, (
E   AssertionError: No launch received any social_score&gt;0 within 120s. Social pipeline may be degraded. total=50 scored&gt;0=0 best=0
E   assert 0 &gt; 0</failure></testcase><testcase classname="backend.tests.test_pump_bot_enhancements.TestSocialScoreAvailability" name="test_social_sources_dict_structure" time="0.060" /><testcase classname="backend.tests.test_pump_bot_enhancements.TestExistingEndpointsSmoke" name="test_wallet" time="0.154" /><testcase classname="backend.tests.test_pump_bot_enhancements.TestExistingEndpointsSmoke" name="test_bot_status_listener_connected" time="0.056" /><testcase classname="backend.tests.test_pump_bot_enhancements.TestExistingEndpointsSmoke" name="test_bot_config" time="0.055" /><testcase classname="backend.tests.test_pump_bot_enhancements.TestExistingEndpointsSmoke" name="test_trades_active" time="0.054" /><testcase classname="backend.tests.test_pump_bot_enhancements.TestExistingEndpointsSmoke" name="test_trades_history" time="0.057" /><testcase classname="backend.tests.test_pump_bot_enhancements.TestExistingEndpointsSmoke" name="test_pl_summary" time="0.051" /></testsuite></testsuites>