<?xml version="1.0" encoding="utf-8"?><testsuites name="pytest tests"><testsuite name="pytest" errors="0" failures="1" skipped="0" tests="107" time="47.520" timestamp="2026-05-22T21:57:36.784768+00:00" hostname="agent-env-3ab447f0-67c2-4b1f-91d2-5bd173b60c9f"><testcase classname="backend.tests.test_pump_bot_api.TestRoot" name="test_root" time="0.161" /><testcase classname="backend.tests.test_pump_bot_api.TestWallet" name="test_wallet_info" time="0.202" /><testcase classname="backend.tests.test_pump_bot_api.TestBotStatus" name="test_status_contract" time="0.069" /><testcase classname="backend.tests.test_pump_bot_api.TestBotStatus" name="test_listener_connected" time="0.069" /><testcase classname="backend.tests.test_pump_bot_api.TestBotConfig" name="test_get_config" time="0.064" /><testcase classname="backend.tests.test_pump_bot_api.TestBotConfig" name="test_update_config_safety_caps" time="0.138" /><testcase classname="backend.tests.test_pump_bot_api.TestBotConfig" name="test_config_persistence" time="0.134" /><testcase classname="backend.tests.test_pump_bot_api.TestBotLifecycle" name="test_start_stop" time="0.339" /><testcase classname="backend.tests.test_pump_bot_api.TestBotLifecycle" name="test_reset_kill_switch" time="0.134" /><testcase classname="backend.tests.test_pump_bot_api.TestClassifierRules" name="test_get_rules" time="0.066" /><testcase classname="backend.tests.test_pump_bot_api.TestClassifierRules" name="test_update_rules_persistence" time="0.138" /><testcase classname="backend.tests.test_pump_bot_api.TestLaunches" name="test_launches_recent_streaming" time="0.098" /><testcase classname="backend.tests.test_pump_bot_api.TestTrades" name="test_active_trades" time="0.077" /><testcase classname="backend.tests.test_pump_bot_api.TestTrades" name="test_trades_history" time="0.070" /><testcase classname="backend.tests.test_pump_bot_api.TestTrades" name="test_manual_exit_unknown_id_404" time="0.068" /><testcase classname="backend.tests.test_pump_bot_api.TestPL" name="test_pl_summary" time="0.070" /><testcase classname="backend.tests.test_pump_bot_enhancements.TestLaunchFieldsContract" name="test_recent_launch_has_new_fields" time="0.139" /><testcase classname="backend.tests.test_pump_bot_enhancements.TestClassifierSocialScoreMinRule" name="test_get_rules_includes_social_score_min" time="0.063" /><testcase classname="backend.tests.test_pump_bot_enhancements.TestClassifierSocialScoreMinRule" name="test_put_rules_persists_social_score_min" time="0.251" /><testcase classname="backend.tests.test_pump_bot_enhancements.TestLiveMetricPopulation" name="test_some_launch_has_nonzero_metrics" time="0.094" /><testcase classname="backend.tests.test_pump_bot_enhancements.TestSocialScoreAvailability" name="test_some_launch_has_nonzero_social_score" time="0.084" /><testcase classname="backend.tests.test_pump_bot_enhancements.TestSocialScoreAvailability" name="test_social_sources_dict_structure" time="0.081" /><testcase classname="backend.tests.test_pump_bot_enhancements.TestExistingEndpointsSmoke" name="test_wallet" time="0.170" /><testcase classname="backend.tests.test_pump_bot_enhancements.TestExistingEndpointsSmoke" name="test_bot_status_listener_connected" time="0.063" /><testcase classname="backend.tests.test_pump_bot_enhancements.TestExistingEndpointsSmoke" name="test_bot_config" time="0.063" /><testcase classname="backend.tests.test_pump_bot_enhancements.TestExistingEndpointsSmoke" name="test_trades_active" time="0.069" /><testcase classname="backend.tests.test_pump_bot_enhancements.TestExistingEndpointsSmoke" name="test_trades_history" time="0.071" /><testcase classname="backend.tests.test_pump_bot_enhancements.TestExistingEndpointsSmoke" name="test_pl_summary" time="0.067" /><testcase classname="backend.tests.test_pump_bot_v3.TestWebSocket" name="test_ws_connect_and_initial_status" time="0.291" /><testcase classname="backend.tests.test_pump_bot_v3.TestWebSocket" name="test_ws_periodic_status_and_wallet" time="12.203" /><testcase classname="backend.tests.test_pump_bot_v3.TestWebSocket" name="test_ws_does_not_block_http" time="1.260" /><testcase classname="backend.tests.test_pump_bot_v3.TestWebSocket" name="test_ws_disconnect_cleanup_no_crash" time="1.635" /><testcase classname="backend.tests.test_pump_bot_v3.TestWebSocket" name="test_ws_launch_events_optional" time="20.268" /><testcase classname="backend.tests.test_pump_bot_v3.TestCreatorEndpoint" name="test_creator_unknown_returns_default" time="0.077" /><testcase classname="backend.tests.test_pump_bot_v3.TestCreatorEndpoint" name="test_creator_from_recent_launch_full_contract" time="0.183" /><testcase classname="backend.tests.test_pump_bot_v3.TestCreatorEndpoint" name="test_some_creator_has_helius_backfill_attempted" time="0.893" /><testcase classname="backend.tests.test_pump_bot_v3.TestLaunchCreatorFields" name="test_launches_include_creator_counts" time="0.098" /><testcase classname="backend.tests.test_pump_bot_v3.TestCreatorHistoryGrowth" name="test_repeat_creator_increments_counter" time="0.181" /><testcase classname="backend.tests.test_pump_bot_v3.TestRegressionSmoke" name="test_wallet" time="0.178" /><testcase classname="backend.tests.test_pump_bot_v3.TestRegressionSmoke" name="test_bot_status" time="0.065" /><testcase classname="backend.tests.test_pump_bot_v3.TestRegressionSmoke" name="test_bot_config_safety_caps" time="0.070" /><testcase classname="backend.tests.test_pump_bot_v3.TestRegressionSmoke" name="test_bot_start_stop_reset" time="0.232" /><testcase classname="backend.tests.test_pump_bot_v3.TestRegressionSmoke" name="test_classifier_rules_includes_social_score_min" time="0.073" /><testcase classname="backend.tests.test_pump_bot_v3.TestRegressionSmoke" name="test_launches_recent" time="0.093" /><testcase classname="backend.tests.test_pump_bot_v3.TestRegressionSmoke" name="test_trades_active" time="0.066" /><testcase classname="backend.tests.test_pump_bot_v3.TestRegressionSmoke" name="test_trades_history" time="0.065" /><testcase classname="backend.tests.test_pump_bot_v3.TestRegressionSmoke" name="test_pl_summary" time="0.076" /><testcase classname="backend.tests.test_pump_bot_v4.TestWalletSendValidation" name="test_invalid_recipient_address" time="0.196" /><testcase classname="backend.tests.test_pump_bot_v4.TestWalletSendValidation" name="test_invalid_recipient_empty_string" time="0.047" /><testcase classname="backend.tests.test_pump_bot_v4.TestWalletSendValidation" name="test_zero_amount_rejected" time="0.046" /><testcase classname="backend.tests.test_pump_bot_v4.TestWalletSendValidation" name="test_negative_amount_rejected" time="0.049" /><testcase classname="backend.tests.test_pump_bot_v4.TestWalletSendValidation" name="test_self_send_rejected" time="0.193" /><testcase classname="backend.tests.test_pump_bot_v4.TestWalletSendValidation" name="test_insufficient_balance_returns_400_not_500" time="0.154" /><testcase classname="backend.tests.test_pump_bot_v4.TestWalletSendValidation" name="test_missing_fields_returns_422" time="0.076" /><testcase classname="backend.tests.test_pump_bot_v4.TestBotConfigReentryFields" name="test_get_config_includes_reentry_fields" time="0.046" /><testcase classname="backend.tests.test_pump_bot_v4.TestBotConfigReentryFields" name="test_get_config_defaults" time="0.137" /><testcase classname="backend.tests.test_pump_bot_v4.TestBotConfigReentryFields" name="test_put_config_clamps_max_attempts_high" time="0.141" /><testcase classname="backend.tests.test_pump_bot_v4.TestBotConfigReentryFields" name="test_put_config_clamps_max_attempts_negative" time="0.096" /><testcase classname="backend.tests.test_pump_bot_v4.TestBotConfigReentryFields" name="test_put_config_persists_reentry_values" time="0.228" /><testcase classname="backend.tests.test_pump_bot_v4.TestReentryWatchlist" name="test_watchlist_empty_by_default" time="0.047" /><testcase classname="backend.tests.test_pump_bot_v4.TestReentryWatchlist" name="test_delete_nonexistent_mint_returns_404" time="0.044" /><testcase classname="backend.tests.test_pump_bot_v4.TestServerSanity" name="test_root" time="0.044" /><testcase classname="backend.tests.test_pump_bot_v4.TestServerSanity" name="test_bot_status_ok" time="0.050" /><testcase classname="backend.tests.test_pump_bot_v5.TestConfigExposesNewFields" name="test_entry_filter_fields_present_and_typed" time="0.101" /><testcase classname="backend.tests.test_pump_bot_v5.TestConfigExposesNewFields" name="test_scanner_fields_present_and_typed" time="0.048" /><testcase classname="backend.tests.test_pump_bot_v5.TestEntryFilterClamps" name="test_min_curve_liquidity_sol_clamp_high" time="0.146" /><testcase classname="backend.tests.test_pump_bot_v5.TestEntryFilterClamps" name="test_min_curve_liquidity_sol_clamp_low" time="0.097" /><testcase classname="backend.tests.test_pump_bot_v5.TestEntryFilterClamps" name="test_min_buyers_for_entry_clamp_high" time="0.094" /><testcase classname="backend.tests.test_pump_bot_v5.TestEntryFilterClamps" name="test_min_buyers_for_entry_clamp_low" time="0.094" /><testcase classname="backend.tests.test_pump_bot_v5.TestEntryFilterClamps" name="test_max_concurrent_positions_clamp_high" time="0.104" /><testcase classname="backend.tests.test_pump_bot_v5.TestEntryFilterClamps" name="test_max_concurrent_positions_clamp_low" time="0.102" /><testcase classname="backend.tests.test_pump_bot_v5.TestScannerClamps" name="test_scanner_window_hours_clamp" time="0.144" /><testcase classname="backend.tests.test_pump_bot_v5.TestScannerClamps" name="test_scanner_interval_s_clamp" time="0.147" /><testcase classname="backend.tests.test_pump_bot_v5.TestScannerClamps" name="test_scanner_min_growth_pct_clamp" time="0.142" /><testcase classname="backend.tests.test_pump_bot_v5.TestScannerClamps" name="test_scanner_recent_inflow_window_s_clamp" time="0.147" /><testcase classname="backend.tests.test_pump_bot_v5.TestScannerClamps" name="test_scanner_min_recent_inflow_sol_clamp" time="0.140" /><testcase classname="backend.tests.test_pump_bot_v5.TestScannerClamps" name="test_scanner_holder_velocity_window_s_clamp" time="0.142" /><testcase classname="backend.tests.test_pump_bot_v5.TestScannerClamps" name="test_scanner_min_new_buyers_clamp" time="0.143" /><testcase classname="backend.tests.test_pump_bot_v5.TestScannerEnabledToggle" name="test_toggle_false_then_true" time="0.247" /><testcase classname="backend.tests.test_pump_bot_v5.TestScannerCandidatesEndpoint" name="test_endpoint_returns_list" time="0.048" /><testcase classname="backend.tests.test_pump_bot_v5.TestScannerCandidatesEndpoint" name="test_endpoint_non_blocking_rapid_calls" time="0.236" /><testcase classname="backend.tests.test_pump_bot_v5.TestScannerCandidatesEndpoint" name="test_candidate_shape_when_present" time="0.047"><failure message="assert (35.822070279 == 0 or 35.822070279 == 0.0)">backend/tests/test_pump_bot_v5.py:270: in test_candidate_shape_when_present
    assert c["real_sol_reserves"] == 0 or c["real_sol_reserves"] == 0.0
E   assert (35.822070279 == 0 or 35.822070279 == 0.0)</failure></testcase><testcase classname="backend.tests.test_pump_bot_v5.TestScannerCandidatesEndpoint" name="test_candidates_accumulate_within_60s" time="0.058" /><testcase classname="backend.tests.test_pump_bot_v5.TestModuleConstants" name="test_max_tracked_mints_defined" time="0.000" /><testcase classname="backend.tests.test_pump_bot_v5.TestModuleConstants" name="test_scanner_candidates_snapshot_exists" time="0.000" /><testcase classname="backend.tests.test_pump_bot_v7.TestV7ConfigExposure" name="test_get_config_exposes_trailing_stop_pct" time="0.124" /><testcase classname="backend.tests.test_pump_bot_v7.TestV7ConfigExposure" name="test_get_config_exposes_exit_slippage_bps" time="0.066" /><testcase classname="backend.tests.test_pump_bot_v7.TestV7ConfigExposure" name="test_defaults_are_disabled_when_unset" time="0.065" /><testcase classname="backend.tests.test_pump_bot_v7.TestV7Clamps" name="test_trailing_stop_pct_clamp_upper" time="0.136" /><testcase classname="backend.tests.test_pump_bot_v7.TestV7Clamps" name="test_trailing_stop_pct_clamp_lower" time="0.134" /><testcase classname="backend.tests.test_pump_bot_v7.TestV7Clamps" name="test_trailing_stop_pct_accepts_zero_as_disabled" time="0.142" /><testcase classname="backend.tests.test_pump_bot_v7.TestV7Clamps" name="test_trailing_stop_pct_accepts_mid_value" time="0.149" /><testcase classname="backend.tests.test_pump_bot_v7.TestV7Clamps" name="test_exit_slippage_bps_zero_means_inherit" time="0.149" /><testcase classname="backend.tests.test_pump_bot_v7.TestV7Clamps" name="test_exit_slippage_bps_clamp_upper" time="0.135" /><testcase classname="backend.tests.test_pump_bot_v7.TestV7Clamps" name="test_exit_slippage_bps_clamp_lower_nonzero" time="0.135" /><testcase classname="backend.tests.test_pump_bot_v7.TestV7Clamps" name="test_exit_slippage_bps_accepts_mid_value" time="0.132" /><testcase classname="backend.tests.test_pump_bot_v7.TestV7Persistence" name="test_trailing_stop_pct_persists" time="0.202" /><testcase classname="backend.tests.test_pump_bot_v7.TestV7Persistence" name="test_exit_slippage_bps_persists" time="0.204" /><testcase classname="backend.tests.test_pump_bot_v7.TestV7Persistence" name="test_both_together_persist" time="0.199" /><testcase classname="backend.tests.test_pump_bot_v7.TestV7SourceInspection" name="test_on_trade_has_fast_exit_path" time="0.001" /><testcase classname="backend.tests.test_pump_bot_v7.TestV7SourceInspection" name="test_on_trade_fast_exit_is_spawned_not_awaited" time="0.000" /><testcase classname="backend.tests.test_pump_bot_v7.TestV7SourceInspection" name="test_check_fast_exit_exists_with_correct_order" time="0.000" /><testcase classname="backend.tests.test_pump_bot_v7.TestV7SourceInspection" name="test_check_fast_exit_uses_peak_for_trailing" time="0.000" /><testcase classname="backend.tests.test_pump_bot_v7.TestV7SourceInspection" name="test_exit_uses_exit_slippage_bps_when_set" time="0.000" /><testcase classname="backend.tests.test_pump_bot_v7.TestRegression" name="test_scanner_candidates_still_works" time="0.071" /><testcase classname="backend.tests.test_pump_bot_v7.TestRegression" name="test_paper_reset_still_works" time="0.071" /><testcase classname="backend.tests.test_pump_bot_v7.TestRegression" name="test_bot_status_still_returns" time="0.075" /></testsuite></testsuites>