<?xml version="1.0" encoding="utf-8"?><testsuites name="pytest tests"><testsuite name="pytest" errors="0" failures="0" skipped="0" tests="12" time="1.542" timestamp="2026-05-22T20:09:28.466438+00:00" hostname="agent-env-3ab447f0-67c2-4b1f-91d2-5bd173b60c9f"><testcase classname="backend.tests.test_pump_bot_enhancements.TestLaunchFieldsContract" name="test_recent_launch_has_new_fields" time="0.239" /><testcase classname="backend.tests.test_pump_bot_enhancements.TestClassifierSocialScoreMinRule" name="test_get_rules_includes_social_score_min" time="0.058" /><testcase classname="backend.tests.test_pump_bot_enhancements.TestClassifierSocialScoreMinRule" name="test_put_rules_persists_social_score_min" time="0.214" /><testcase classname="backend.tests.test_pump_bot_enhancements.TestLiveMetricPopulation" name="test_some_launch_has_nonzero_metrics" time="0.061" /><testcase classname="backend.tests.test_pump_bot_enhancements.TestSocialScoreAvailability" name="test_some_launch_has_nonzero_social_score" time="0.061" /><testcase classname="backend.tests.test_pump_bot_enhancements.TestSocialScoreAvailability" name="test_social_sources_dict_structure" time="0.056" /><testcase classname="backend.tests.test_pump_bot_enhancements.TestExistingEndpointsSmoke" name="test_wallet" time="0.512" /><testcase classname="backend.tests.test_pump_bot_enhancements.TestExistingEndpointsSmoke" name="test_bot_status_listener_connected" time="0.050" /><testcase classname="backend.tests.test_pump_bot_enhancements.TestExistingEndpointsSmoke" name="test_bot_config" time="0.054" /><testcase classname="backend.tests.test_pump_bot_enhancements.TestExistingEndpointsSmoke" name="test_trades_active" time="0.051" /><testcase classname="backend.tests.test_pump_bot_enhancements.TestExistingEndpointsSmoke" name="test_trades_history" time="0.056" /><testcase classname="backend.tests.test_pump_bot_enhancements.TestExistingEndpointsSmoke" name="test_pl_summary" time="0.049" /></testsuite></testsuites>