<?xml version="1.0" encoding="utf-8"?><testsuites name="pytest tests"><testsuite name="pytest" errors="0" failures="0" skipped="0" tests="85" time="47.232" timestamp="2026-05-22T21:26:25.528619+00:00" hostname="agent-env-3ab447f0-67c2-4b1f-91d2-5bd173b60c9f"><testcase classname="backend.tests.test_pump_bot_api.TestRoot" name="test_root" time="0.165" /><testcase classname="backend.tests.test_pump_bot_api.TestWallet" name="test_wallet_info" time="0.156" /><testcase classname="backend.tests.test_pump_bot_api.TestBotStatus" name="test_status_contract" time="0.063" /><testcase classname="backend.tests.test_pump_bot_api.TestBotStatus" name="test_listener_connected" time="0.057" /><testcase classname="backend.tests.test_pump_bot_api.TestBotConfig" name="test_get_config" time="0.086" /><testcase classname="backend.tests.test_pump_bot_api.TestBotConfig" name="test_update_config_safety_caps" time="0.169" /><testcase classname="backend.tests.test_pump_bot_api.TestBotConfig" name="test_config_persistence" time="0.143" /><testcase classname="backend.tests.test_pump_bot_api.TestBotLifecycle" name="test_start_stop" time="0.302" /><testcase classname="backend.tests.test_pump_bot_api.TestBotLifecycle" name="test_reset_kill_switch" time="0.148" /><testcase classname="backend.tests.test_pump_bot_api.TestClassifierRules" name="test_get_rules" time="0.082" /><testcase classname="backend.tests.test_pump_bot_api.TestClassifierRules" name="test_update_rules_persistence" time="0.142" /><testcase classname="backend.tests.test_pump_bot_api.TestLaunches" name="test_launches_recent_streaming" time="0.081" /><testcase classname="backend.tests.test_pump_bot_api.TestTrades" name="test_active_trades" time="0.065" /><testcase classname="backend.tests.test_pump_bot_api.TestTrades" name="test_trades_history" time="0.083" /><testcase classname="backend.tests.test_pump_bot_api.TestTrades" name="test_manual_exit_unknown_id_404" time="0.062" /><testcase classname="backend.tests.test_pump_bot_api.TestPL" name="test_pl_summary" time="0.066" /><testcase classname="backend.tests.test_pump_bot_enhancements.TestLaunchFieldsContract" name="test_recent_launch_has_new_fields" time="0.153" /><testcase classname="backend.tests.test_pump_bot_enhancements.TestClassifierSocialScoreMinRule" name="test_get_rules_includes_social_score_min" time="0.065" /><testcase classname="backend.tests.test_pump_bot_enhancements.TestClassifierSocialScoreMinRule" name="test_put_rules_persists_social_score_min" time="0.266" /><testcase classname="backend.tests.test_pump_bot_enhancements.TestLiveMetricPopulation" name="test_some_launch_has_nonzero_metrics" time="0.080" /><testcase classname="backend.tests.test_pump_bot_enhancements.TestSocialScoreAvailability" name="test_some_launch_has_nonzero_social_score" time="0.120" /><testcase classname="backend.tests.test_pump_bot_enhancements.TestSocialScoreAvailability" name="test_social_sources_dict_structure" time="0.094" /><testcase classname="backend.tests.test_pump_bot_enhancements.TestExistingEndpointsSmoke" name="test_wallet" time="0.176" /><testcase classname="backend.tests.test_pump_bot_enhancements.TestExistingEndpointsSmoke" name="test_bot_status_listener_connected" time="0.095" /><testcase classname="backend.tests.test_pump_bot_enhancements.TestExistingEndpointsSmoke" name="test_bot_config" time="0.070" /><testcase classname="backend.tests.test_pump_bot_enhancements.TestExistingEndpointsSmoke" name="test_trades_active" time="0.060" /><testcase classname="backend.tests.test_pump_bot_enhancements.TestExistingEndpointsSmoke" name="test_trades_history" time="0.120" /><testcase classname="backend.tests.test_pump_bot_enhancements.TestExistingEndpointsSmoke" name="test_pl_summary" time="0.088" /><testcase classname="backend.tests.test_pump_bot_v3.TestWebSocket" name="test_ws_connect_and_initial_status" time="0.255" /><testcase classname="backend.tests.test_pump_bot_v3.TestWebSocket" name="test_ws_periodic_status_and_wallet" time="12.297" /><testcase classname="backend.tests.test_pump_bot_v3.TestWebSocket" name="test_ws_does_not_block_http" time="1.207" /><testcase classname="backend.tests.test_pump_bot_v3.TestWebSocket" name="test_ws_disconnect_cleanup_no_crash" time="1.707" /><testcase classname="backend.tests.test_pump_bot_v3.TestWebSocket" name="test_ws_launch_events_optional" time="20.251" /><testcase classname="backend.tests.test_pump_bot_v3.TestCreatorEndpoint" name="test_creator_unknown_returns_default" time="0.062" /><testcase classname="backend.tests.test_pump_bot_v3.TestCreatorEndpoint" name="test_creator_from_recent_launch_full_contract" time="0.163" /><testcase classname="backend.tests.test_pump_bot_v3.TestCreatorEndpoint" name="test_some_creator_has_helius_backfill_attempted" time="0.690" /><testcase classname="backend.tests.test_pump_bot_v3.TestLaunchCreatorFields" name="test_launches_include_creator_counts" time="0.072" /><testcase classname="backend.tests.test_pump_bot_v3.TestCreatorHistoryGrowth" name="test_repeat_creator_increments_counter" time="0.159" /><testcase classname="backend.tests.test_pump_bot_v3.TestRegressionSmoke" name="test_wallet" time="0.197" /><testcase classname="backend.tests.test_pump_bot_v3.TestRegressionSmoke" name="test_bot_status" time="0.066" /><testcase classname="backend.tests.test_pump_bot_v3.TestRegressionSmoke" name="test_bot_config_safety_caps" time="0.060" /><testcase classname="backend.tests.test_pump_bot_v3.TestRegressionSmoke" name="test_bot_start_stop_reset" time="0.185" /><testcase classname="backend.tests.test_pump_bot_v3.TestRegressionSmoke" name="test_classifier_rules_includes_social_score_min" time="0.060" /><testcase classname="backend.tests.test_pump_bot_v3.TestRegressionSmoke" name="test_launches_recent" time="0.065" /><testcase classname="backend.tests.test_pump_bot_v3.TestRegressionSmoke" name="test_trades_active" time="0.060" /><testcase classname="backend.tests.test_pump_bot_v3.TestRegressionSmoke" name="test_trades_history" time="0.070" /><testcase classname="backend.tests.test_pump_bot_v3.TestRegressionSmoke" name="test_pl_summary" time="0.063" /><testcase classname="backend.tests.test_pump_bot_v4.TestWalletSendValidation" name="test_invalid_recipient_address" time="0.214" /><testcase classname="backend.tests.test_pump_bot_v4.TestWalletSendValidation" name="test_invalid_recipient_empty_string" time="0.065" /><testcase classname="backend.tests.test_pump_bot_v4.TestWalletSendValidation" name="test_zero_amount_rejected" time="0.072" /><testcase classname="backend.tests.test_pump_bot_v4.TestWalletSendValidation" name="test_negative_amount_rejected" time="0.071" /><testcase classname="backend.tests.test_pump_bot_v4.TestWalletSendValidation" name="test_self_send_rejected" time="0.253" /><testcase classname="backend.tests.test_pump_bot_v4.TestWalletSendValidation" name="test_insufficient_balance_returns_400_not_500" time="0.183" /><testcase classname="backend.tests.test_pump_bot_v4.TestWalletSendValidation" name="test_missing_fields_returns_422" time="0.062" /><testcase classname="backend.tests.test_pump_bot_v4.TestBotConfigReentryFields" name="test_get_config_includes_reentry_fields" time="0.067" /><testcase classname="backend.tests.test_pump_bot_v4.TestBotConfigReentryFields" name="test_get_config_defaults" time="0.194" /><testcase classname="backend.tests.test_pump_bot_v4.TestBotConfigReentryFields" name="test_put_config_clamps_max_attempts_high" time="0.202" /><testcase classname="backend.tests.test_pump_bot_v4.TestBotConfigReentryFields" name="test_put_config_clamps_max_attempts_negative" time="0.146" /><testcase classname="backend.tests.test_pump_bot_v4.TestBotConfigReentryFields" name="test_put_config_persists_reentry_values" time="0.326" /><testcase classname="backend.tests.test_pump_bot_v4.TestReentryWatchlist" name="test_watchlist_empty_by_default" time="0.072" /><testcase classname="backend.tests.test_pump_bot_v4.TestReentryWatchlist" name="test_delete_nonexistent_mint_returns_404" time="0.069" /><testcase classname="backend.tests.test_pump_bot_v4.TestServerSanity" name="test_root" time="0.063" /><testcase classname="backend.tests.test_pump_bot_v4.TestServerSanity" name="test_bot_status_ok" time="0.077" /><testcase classname="backend.tests.test_pump_bot_v5.TestConfigExposesNewFields" name="test_entry_filter_fields_present_and_typed" time="0.162" /><testcase classname="backend.tests.test_pump_bot_v5.TestConfigExposesNewFields" name="test_scanner_fields_present_and_typed" time="0.072" /><testcase classname="backend.tests.test_pump_bot_v5.TestEntryFilterClamps" name="test_min_curve_liquidity_sol_clamp_high" time="0.240" /><testcase classname="backend.tests.test_pump_bot_v5.TestEntryFilterClamps" name="test_min_curve_liquidity_sol_clamp_low" time="0.151" /><testcase classname="backend.tests.test_pump_bot_v5.TestEntryFilterClamps" name="test_min_buyers_for_entry_clamp_high" time="0.151" /><testcase classname="backend.tests.test_pump_bot_v5.TestEntryFilterClamps" name="test_min_buyers_for_entry_clamp_low" time="0.141" /><testcase classname="backend.tests.test_pump_bot_v5.TestEntryFilterClamps" name="test_max_concurrent_positions_clamp_high" time="0.156" /><testcase classname="backend.tests.test_pump_bot_v5.TestEntryFilterClamps" name="test_max_concurrent_positions_clamp_low" time="0.145" /><testcase classname="backend.tests.test_pump_bot_v5.TestScannerClamps" name="test_scanner_window_hours_clamp" time="0.344" /><testcase classname="backend.tests.test_pump_bot_v5.TestScannerClamps" name="test_scanner_interval_s_clamp" time="0.219" /><testcase classname="backend.tests.test_pump_bot_v5.TestScannerClamps" name="test_scanner_min_growth_pct_clamp" time="0.225" /><testcase classname="backend.tests.test_pump_bot_v5.TestScannerClamps" name="test_scanner_recent_inflow_window_s_clamp" time="0.236" /><testcase classname="backend.tests.test_pump_bot_v5.TestScannerClamps" name="test_scanner_min_recent_inflow_sol_clamp" time="0.225" /><testcase classname="backend.tests.test_pump_bot_v5.TestScannerClamps" name="test_scanner_holder_velocity_window_s_clamp" time="0.350" /><testcase classname="backend.tests.test_pump_bot_v5.TestScannerClamps" name="test_scanner_min_new_buyers_clamp" time="0.214" /><testcase classname="backend.tests.test_pump_bot_v5.TestScannerEnabledToggle" name="test_toggle_false_then_true" time="0.362" /><testcase classname="backend.tests.test_pump_bot_v5.TestScannerCandidatesEndpoint" name="test_endpoint_returns_list" time="0.073" /><testcase classname="backend.tests.test_pump_bot_v5.TestScannerCandidatesEndpoint" name="test_endpoint_non_blocking_rapid_calls" time="0.413" /><testcase classname="backend.tests.test_pump_bot_v5.TestScannerCandidatesEndpoint" name="test_candidate_shape_when_present" time="0.075" /><testcase classname="backend.tests.test_pump_bot_v5.TestScannerCandidatesEndpoint" name="test_candidates_accumulate_within_60s" time="0.076" /><testcase classname="backend.tests.test_pump_bot_v5.TestModuleConstants" name="test_max_tracked_mints_defined" time="0.000" /><testcase classname="backend.tests.test_pump_bot_v5.TestModuleConstants" name="test_scanner_candidates_snapshot_exists" time="0.001" /></testsuite></testsuites>