<?xml version="1.0" encoding="utf-8"?><testsuites name="pytest tests"><testsuite name="pytest" errors="0" failures="0" skipped="0" tests="16" time="1.746" timestamp="2026-05-22T20:47:28.645394+00:00" hostname="agent-env-3ab447f0-67c2-4b1f-91d2-5bd173b60c9f"><testcase classname="backend.tests.test_pump_bot_v4.TestWalletSendValidation" name="test_invalid_recipient_address" time="0.196" /><testcase classname="backend.tests.test_pump_bot_v4.TestWalletSendValidation" name="test_invalid_recipient_empty_string" time="0.048" /><testcase classname="backend.tests.test_pump_bot_v4.TestWalletSendValidation" name="test_zero_amount_rejected" time="0.048" /><testcase classname="backend.tests.test_pump_bot_v4.TestWalletSendValidation" name="test_negative_amount_rejected" time="0.058" /><testcase classname="backend.tests.test_pump_bot_v4.TestWalletSendValidation" name="test_self_send_rejected" time="0.200" /><testcase classname="backend.tests.test_pump_bot_v4.TestWalletSendValidation" name="test_insufficient_balance_returns_400_not_500" time="0.154" /><testcase classname="backend.tests.test_pump_bot_v4.TestWalletSendValidation" name="test_missing_fields_returns_422" time="0.051" /><testcase classname="backend.tests.test_pump_bot_v4.TestBotConfigReentryFields" name="test_get_config_includes_reentry_fields" time="0.050" /><testcase classname="backend.tests.test_pump_bot_v4.TestBotConfigReentryFields" name="test_get_config_defaults" time="0.145" /><testcase classname="backend.tests.test_pump_bot_v4.TestBotConfigReentryFields" name="test_put_config_clamps_max_attempts_high" time="0.147" /><testcase classname="backend.tests.test_pump_bot_v4.TestBotConfigReentryFields" name="test_put_config_clamps_max_attempts_negative" time="0.108" /><testcase classname="backend.tests.test_pump_bot_v4.TestBotConfigReentryFields" name="test_put_config_persists_reentry_values" time="0.262" /><testcase classname="backend.tests.test_pump_bot_v4.TestReentryWatchlist" name="test_watchlist_empty_by_default" time="0.053" /><testcase classname="backend.tests.test_pump_bot_v4.TestReentryWatchlist" name="test_delete_nonexistent_mint_returns_404" time="0.054" /><testcase classname="backend.tests.test_pump_bot_v4.TestServerSanity" name="test_root" time="0.049" /><testcase classname="backend.tests.test_pump_bot_v4.TestServerSanity" name="test_bot_status_ok" time="0.055" /></testsuite></testsuites>