<?xml version="1.0" encoding="utf-8"?><testsuites name="pytest tests"><testsuite name="pytest" errors="0" failures="0" skipped="0" tests="22" time="2.778" timestamp="2026-05-22T21:57:30.050030+00:00" hostname="agent-env-3ab447f0-67c2-4b1f-91d2-5bd173b60c9f"><testcase classname="backend.tests.test_pump_bot_v7.TestV7ConfigExposure" name="test_get_config_exposes_trailing_stop_pct" time="0.299" /><testcase classname="backend.tests.test_pump_bot_v7.TestV7ConfigExposure" name="test_get_config_exposes_exit_slippage_bps" time="0.068" /><testcase classname="backend.tests.test_pump_bot_v7.TestV7ConfigExposure" name="test_defaults_are_disabled_when_unset" time="0.067" /><testcase classname="backend.tests.test_pump_bot_v7.TestV7Clamps" name="test_trailing_stop_pct_clamp_upper" time="0.136" /><testcase classname="backend.tests.test_pump_bot_v7.TestV7Clamps" name="test_trailing_stop_pct_clamp_lower" time="0.136" /><testcase classname="backend.tests.test_pump_bot_v7.TestV7Clamps" name="test_trailing_stop_pct_accepts_zero_as_disabled" time="0.140" /><testcase classname="backend.tests.test_pump_bot_v7.TestV7Clamps" name="test_trailing_stop_pct_accepts_mid_value" time="0.144" /><testcase classname="backend.tests.test_pump_bot_v7.TestV7Clamps" name="test_exit_slippage_bps_zero_means_inherit" time="0.158" /><testcase classname="backend.tests.test_pump_bot_v7.TestV7Clamps" name="test_exit_slippage_bps_clamp_upper" time="0.136" /><testcase classname="backend.tests.test_pump_bot_v7.TestV7Clamps" name="test_exit_slippage_bps_clamp_lower_nonzero" time="0.138" /><testcase classname="backend.tests.test_pump_bot_v7.TestV7Clamps" name="test_exit_slippage_bps_accepts_mid_value" time="0.136" /><testcase classname="backend.tests.test_pump_bot_v7.TestV7Persistence" name="test_trailing_stop_pct_persists" time="0.249" /><testcase classname="backend.tests.test_pump_bot_v7.TestV7Persistence" name="test_exit_slippage_bps_persists" time="0.287" /><testcase classname="backend.tests.test_pump_bot_v7.TestV7Persistence" name="test_both_together_persist" time="0.321" /><testcase classname="backend.tests.test_pump_bot_v7.TestV7SourceInspection" name="test_on_trade_has_fast_exit_path" time="0.001" /><testcase classname="backend.tests.test_pump_bot_v7.TestV7SourceInspection" name="test_on_trade_fast_exit_is_spawned_not_awaited" time="0.000" /><testcase classname="backend.tests.test_pump_bot_v7.TestV7SourceInspection" name="test_check_fast_exit_exists_with_correct_order" time="0.000" /><testcase classname="backend.tests.test_pump_bot_v7.TestV7SourceInspection" name="test_check_fast_exit_uses_peak_for_trailing" time="0.000" /><testcase classname="backend.tests.test_pump_bot_v7.TestV7SourceInspection" name="test_exit_uses_exit_slippage_bps_when_set" time="0.000" /><testcase classname="backend.tests.test_pump_bot_v7.TestRegression" name="test_scanner_candidates_still_works" time="0.075" /><testcase classname="backend.tests.test_pump_bot_v7.TestRegression" name="test_paper_reset_still_works" time="0.071" /><testcase classname="backend.tests.test_pump_bot_v7.TestRegression" name="test_bot_status_still_returns" time="0.068" /></testsuite></testsuites>