<?xml version="1.0" encoding="utf-8"?><testsuites name="pytest tests"><testsuite name="pytest" errors="0" failures="0" skipped="0" tests="16" time="1.857" timestamp="2026-05-22T19:54:20.137968+00:00" hostname="agent-env-3ab447f0-67c2-4b1f-91d2-5bd173b60c9f"><testcase classname="backend.tests.test_pump_bot_api.TestRoot" name="test_root" time="0.198" /><testcase classname="backend.tests.test_pump_bot_api.TestWallet" name="test_wallet_info" time="0.159" /><testcase classname="backend.tests.test_pump_bot_api.TestBotStatus" name="test_status_contract" time="0.072" /><testcase classname="backend.tests.test_pump_bot_api.TestBotStatus" name="test_listener_connected" time="0.060" /><testcase classname="backend.tests.test_pump_bot_api.TestBotConfig" name="test_get_config" time="0.076" /><testcase classname="backend.tests.test_pump_bot_api.TestBotConfig" name="test_update_config_safety_caps" time="0.138" /><testcase classname="backend.tests.test_pump_bot_api.TestBotConfig" name="test_config_persistence" time="0.132" /><testcase classname="backend.tests.test_pump_bot_api.TestBotLifecycle" name="test_start_stop" time="0.284" /><testcase classname="backend.tests.test_pump_bot_api.TestBotLifecycle" name="test_reset_kill_switch" time="0.121" /><testcase classname="backend.tests.test_pump_bot_api.TestClassifierRules" name="test_get_rules" time="0.062" /><testcase classname="backend.tests.test_pump_bot_api.TestClassifierRules" name="test_update_rules_persistence" time="0.124" /><testcase classname="backend.tests.test_pump_bot_api.TestLaunches" name="test_launches_recent_streaming" time="0.057" /><testcase classname="backend.tests.test_pump_bot_api.TestTrades" name="test_active_trades" time="0.057" /><testcase classname="backend.tests.test_pump_bot_api.TestTrades" name="test_trades_history" time="0.060" /><testcase classname="backend.tests.test_pump_bot_api.TestTrades" name="test_manual_exit_unknown_id_404" time="0.058" /><testcase classname="backend.tests.test_pump_bot_api.TestPL" name="test_pl_summary" time="0.059" /></testsuite></testsuites>