<?xml version="1.0" encoding="utf-8"?><testsuites name="pytest tests"><testsuite name="pytest" errors="0" failures="0" skipped="0" tests="19" time="32.653" timestamp="2026-05-22T20:30:23.580288+00:00" hostname="agent-env-3ab447f0-67c2-4b1f-91d2-5bd173b60c9f"><testcase classname="backend.tests.test_pump_bot_v3.TestWebSocket" name="test_ws_connect_and_initial_status" time="0.321" /><testcase classname="backend.tests.test_pump_bot_v3.TestWebSocket" name="test_ws_periodic_status_and_wallet" time="7.559" /><testcase classname="backend.tests.test_pump_bot_v3.TestWebSocket" name="test_ws_does_not_block_http" time="1.177" /><testcase classname="backend.tests.test_pump_bot_v3.TestWebSocket" name="test_ws_disconnect_cleanup_no_crash" time="1.538" /><testcase classname="backend.tests.test_pump_bot_v3.TestWebSocket" name="test_ws_launch_events_optional" time="20.292" /><testcase classname="backend.tests.test_pump_bot_v3.TestCreatorEndpoint" name="test_creator_unknown_returns_default" time="0.054" /><testcase classname="backend.tests.test_pump_bot_v3.TestCreatorEndpoint" name="test_creator_from_recent_launch_full_contract" time="0.128" /><testcase classname="backend.tests.test_pump_bot_v3.TestCreatorEndpoint" name="test_some_creator_has_helius_backfill_attempted" time="0.593" /><testcase classname="backend.tests.test_pump_bot_v3.TestLaunchCreatorFields" name="test_launches_include_creator_counts" time="0.064" /><testcase classname="backend.tests.test_pump_bot_v3.TestCreatorHistoryGrowth" name="test_repeat_creator_increments_counter" time="0.120" /><testcase classname="backend.tests.test_pump_bot_v3.TestRegressionSmoke" name="test_wallet" time="0.156" /><testcase classname="backend.tests.test_pump_bot_v3.TestRegressionSmoke" name="test_bot_status" time="0.051" /><testcase classname="backend.tests.test_pump_bot_v3.TestRegressionSmoke" name="test_bot_config_safety_caps" time="0.056" /><testcase classname="backend.tests.test_pump_bot_v3.TestRegressionSmoke" name="test_bot_start_stop_reset" time="0.154" /><testcase classname="backend.tests.test_pump_bot_v3.TestRegressionSmoke" name="test_classifier_rules_includes_social_score_min" time="0.053" /><testcase classname="backend.tests.test_pump_bot_v3.TestRegressionSmoke" name="test_launches_recent" time="0.055" /><testcase classname="backend.tests.test_pump_bot_v3.TestRegressionSmoke" name="test_trades_active" time="0.054" /><testcase classname="backend.tests.test_pump_bot_v3.TestRegressionSmoke" name="test_trades_history" time="0.055" /><testcase classname="backend.tests.test_pump_bot_v3.TestRegressionSmoke" name="test_pl_summary" time="0.054" /></testsuite></testsuites>