<?xml version="1.0" encoding="utf-8"?><testsuites name="pytest tests"><testsuite name="pytest" errors="0" failures="1" skipped="0" tests="47" time="157.987" timestamp="2026-05-22T20:47:35.335727+00:00" hostname="agent-env-3ab447f0-67c2-4b1f-91d2-5bd173b60c9f"><testcase classname="backend.tests.test_pump_bot_api.TestRoot" name="test_root" time="0.190" /><testcase classname="backend.tests.test_pump_bot_api.TestWallet" name="test_wallet_info" time="0.169" /><testcase classname="backend.tests.test_pump_bot_api.TestBotStatus" name="test_status_contract" time="0.071" /><testcase classname="backend.tests.test_pump_bot_api.TestBotStatus" name="test_listener_connected" time="0.067" /><testcase classname="backend.tests.test_pump_bot_api.TestBotConfig" name="test_get_config" time="0.066" /><testcase classname="backend.tests.test_pump_bot_api.TestBotConfig" name="test_update_config_safety_caps" time="0.134" /><testcase classname="backend.tests.test_pump_bot_api.TestBotConfig" name="test_config_persistence" time="0.151" /><testcase classname="backend.tests.test_pump_bot_api.TestBotLifecycle" name="test_start_stop" time="0.337" /><testcase classname="backend.tests.test_pump_bot_api.TestBotLifecycle" name="test_reset_kill_switch" time="0.142" /><testcase classname="backend.tests.test_pump_bot_api.TestClassifierRules" name="test_get_rules" time="0.074" /><testcase classname="backend.tests.test_pump_bot_api.TestClassifierRules" name="test_update_rules_persistence" time="0.133" /><testcase classname="backend.tests.test_pump_bot_api.TestLaunches" name="test_launches_recent_streaming" time="0.082" /><testcase classname="backend.tests.test_pump_bot_api.TestTrades" name="test_active_trades" time="0.068" /><testcase classname="backend.tests.test_pump_bot_api.TestTrades" name="test_trades_history" time="0.078" /><testcase classname="backend.tests.test_pump_bot_api.TestTrades" name="test_manual_exit_unknown_id_404" time="0.073" /><testcase classname="backend.tests.test_pump_bot_api.TestPL" name="test_pl_summary" time="0.068" /><testcase classname="backend.tests.test_pump_bot_enhancements.TestLaunchFieldsContract" name="test_recent_launch_has_new_fields" time="0.130" /><testcase classname="backend.tests.test_pump_bot_enhancements.TestClassifierSocialScoreMinRule" name="test_get_rules_includes_social_score_min" time="0.063" /><testcase classname="backend.tests.test_pump_bot_enhancements.TestClassifierSocialScoreMinRule" name="test_put_rules_persists_social_score_min" time="0.305" /><testcase classname="backend.tests.test_pump_bot_enhancements.TestLiveMetricPopulation" name="test_some_launch_has_nonzero_metrics" time="0.088" /><testcase classname="backend.tests.test_pump_bot_enhancements.TestSocialScoreAvailability" name="test_some_launch_has_nonzero_social_score" time="121.898"><failure message="AssertionError: No launch received any social_score&gt;0 within 120s. Social pipeline may be degraded. total=50 scored&gt;0=0 best=0&#10;assert 0 &gt; 0">E   AssertionError: No launch received any social_score&gt;0 within 120s. Social pipeline may be degraded. total=50 scored&gt;0=0 best=0
    assert 0 &gt; 0</failure></testcase><testcase classname="backend.tests.test_pump_bot_enhancements.TestSocialScoreAvailability" name="test_social_sources_dict_structure" time="0.068" /><testcase classname="backend.tests.test_pump_bot_enhancements.TestExistingEndpointsSmoke" name="test_wallet" time="0.147" /><testcase classname="backend.tests.test_pump_bot_enhancements.TestExistingEndpointsSmoke" name="test_bot_status_listener_connected" time="0.053" /><testcase classname="backend.tests.test_pump_bot_enhancements.TestExistingEndpointsSmoke" name="test_bot_config" time="0.046" /><testcase classname="backend.tests.test_pump_bot_enhancements.TestExistingEndpointsSmoke" name="test_trades_active" time="0.044" /><testcase classname="backend.tests.test_pump_bot_enhancements.TestExistingEndpointsSmoke" name="test_trades_history" time="0.061" /><testcase classname="backend.tests.test_pump_bot_enhancements.TestExistingEndpointsSmoke" name="test_pl_summary" time="0.053" /><testcase classname="backend.tests.test_pump_bot_v3.TestWebSocket" name="test_ws_connect_and_initial_status" time="0.274" /><testcase classname="backend.tests.test_pump_bot_v3.TestWebSocket" name="test_ws_periodic_status_and_wallet" time="7.458" /><testcase classname="backend.tests.test_pump_bot_v3.TestWebSocket" name="test_ws_does_not_block_http" time="1.087" /><testcase classname="backend.tests.test_pump_bot_v3.TestWebSocket" name="test_ws_disconnect_cleanup_no_crash" time="1.517" /><testcase classname="backend.tests.test_pump_bot_v3.TestWebSocket" name="test_ws_launch_events_optional" time="20.224" /><testcase classname="backend.tests.test_pump_bot_v3.TestCreatorEndpoint" name="test_creator_unknown_returns_default" time="0.076" /><testcase classname="backend.tests.test_pump_bot_v3.TestCreatorEndpoint" name="test_creator_from_recent_launch_full_contract" time="0.199" /><testcase classname="backend.tests.test_pump_bot_v3.TestCreatorEndpoint" name="test_some_creator_has_helius_backfill_attempted" time="0.912" /><testcase classname="backend.tests.test_pump_bot_v3.TestLaunchCreatorFields" name="test_launches_include_creator_counts" time="0.087" /><testcase classname="backend.tests.test_pump_bot_v3.TestCreatorHistoryGrowth" name="test_repeat_creator_increments_counter" time="0.211" /><testcase classname="backend.tests.test_pump_bot_v3.TestRegressionSmoke" name="test_wallet" time="0.246" /><testcase classname="backend.tests.test_pump_bot_v3.TestRegressionSmoke" name="test_bot_status" time="0.075" /><testcase classname="backend.tests.test_pump_bot_v3.TestRegressionSmoke" name="test_bot_config_safety_caps" time="0.067" /><testcase classname="backend.tests.test_pump_bot_v3.TestRegressionSmoke" name="test_bot_start_stop_reset" time="0.219" /><testcase classname="backend.tests.test_pump_bot_v3.TestRegressionSmoke" name="test_classifier_rules_includes_social_score_min" time="0.075" /><testcase classname="backend.tests.test_pump_bot_v3.TestRegressionSmoke" name="test_launches_recent" time="0.098" /><testcase classname="backend.tests.test_pump_bot_v3.TestRegressionSmoke" name="test_trades_active" time="0.077" /><testcase classname="backend.tests.test_pump_bot_v3.TestRegressionSmoke" name="test_trades_history" time="0.066" /><testcase classname="backend.tests.test_pump_bot_v3.TestRegressionSmoke" name="test_pl_summary" time="0.074" /></testsuite></testsuites>